<?xml version="1.0" encoding="UTF-8"?>
<!-- Generated by org.testng.reporters.JUnitReportReporter -->
<testsuite skipped="0" hostname="LAINPU1502-0014" name="sikuliDemo" tests="1" failures="0" timestamp="22 Dec 2020 04:52:33 GMT" time="16.161" errors="0">
  <testcase name="FileUpload_UsingSikuli" time="16.161" classname="sikuliDemo"/>
</testsuite> <!-- sikuliDemo -->
