<?xml version="1.0" encoding="UTF-8"?>
<!-- Generated by org.testng.reporters.JUnitReportReporter -->
<testsuite skipped="0" hostname="LAINPU1502-0014" name="loginValidation" tests="3" failures="0" timestamp="21 Dec 2020 10:06:20 GMT" time="31.146" errors="0">
  <testcase name="Login" time="11.012" classname="loginValidation"/>
  <testcase name="Login" time="8.785" classname="loginValidation"/>
  <testcase name="Login" time="11.349" classname="loginValidation"/>
</testsuite> <!-- loginValidation -->
