<?xml version="1.0" encoding="UTF-8"?>
<!-- Generated by org.testng.reporters.JUnitReportReporter -->
<testsuite skipped="0" hostname="LAINPU1502-0014" name="mobileBrowserDemo" tests="1" failures="0" timestamp="22 Dec 2020 07:02:29 GMT" time="1.241" errors="0">
  <testcase name="SignOn" time="1.241" classname="mobileBrowserDemo"/>
</testsuite> <!-- mobileBrowserDemo -->
