<?xml version="1.0" encoding="UTF-8"?>
<!-- Generated by org.testng.reporters.JUnitReportReporter -->
<testsuite skipped="0" hostname="LAINPU1502-0014" name="Sauce_Labs_Integration_Example" tests="1" failures="0" timestamp="23 Dec 2020 10:28:22 GMT" time="23.618" errors="0">
  <testcase name="SauceLab_Example" time="23.618" classname="Sauce_Labs_Integration_Example"/>
</testsuite> <!-- Sauce_Labs_Integration_Example -->
