<?xml version="1.0" encoding="UTF-8"?>
<!-- Generated by org.testng.reporters.JUnitReportReporter -->
<testsuite skipped="0" hostname="LAINPU1502-0014" name="LibraryTest" tests="2" failures="0" timestamp="15 Dec 2020 05:23:06 GMT" time="6.653" errors="0">
  <testcase name="logOut" time="1.745" classname="LibraryTest"/>
  <testcase name="Login" time="4.908" classname="LibraryTest"/>
</testsuite> <!-- LibraryTest -->
